<?xml version="1.0" encoding="UTF-8"?>
<testsuite xmlns:xsi="http://www.w3.org/2001/XMLSchema-instance" xsi:noNamespaceSchemaLocation="https://maven.apache.org/surefire/maven-surefire-plugin/xsd/surefire-test-report-3.0.xsd" version="3.0" name="org.example.verify_emailTest" time="0.009" tests="2" errors="0" skipped="0" failures="0">
  <properties>
[...]
</properties>
  <testcase name="verify_emailTest1" classname="org.example.verify_emailTest" time="0.004">
    <system-out><![CDATA[The email is sasdas@sdasd.com
Is email valid? true
]]></system-out>
  </testcase>
  <testcase name="verify_emailTest2" classname="org.example.verify_emailTest" time="0.002">
    <system-out><![CDATA[The email is sasdas@sd-asd.com
Is email valid? false
]]></system-out>
  </testcase>
</testsuite>